
# üìä Analyse de requ√™tes SQL avec `EXPLAIN ANALYZE`

## 1.1 Premi√®re analyse

**Requ√™te :**

```sql
EXPLAIN ANALYZE
SELECT *
FROM public.title_basics
WHERE start_year = 2020;
```

**R√©sultat (extrait du plan d'ex√©cution) :**

```text
Gather  (cost=1000.00..280749.50 rows=447823 width=84) (actual time=14.295..1027.530 rows=440009 loops=1)
  Workers Planned: 2
  Workers Launched: 2
  ->  Parallel Seq Scan on title_basics  
        (cost=0.00..234967.20 rows=186593 width=84) 
        (actual time=9.394..988.050 rows=146670 loops=3)
        Filter: (start_year = 2020)
        Rows Removed by Filter: 3764950
Planning Time: 0.083 ms
Execution Time: 1066.190 ms
```

## 1.2 Analyse du plan d'ex√©cution

**√âl√©ments observ√©s :**

* **Strat√©gie utilis√©e** : `Parallel Seq Scan` (scan s√©quentiel parall√®le).
* **Nombre de lignes retourn√©es** : `440009`.
* **Lignes examin√©es puis rejet√©es** : `3764950`.
* **Temps total d'ex√©cution** : `1066.190 ms`.

**R√©ponses aux questions :**

1. **Pourquoi PostgreSQL utilise-t-il un `Parallel Sequential Scan` ?**
   Parce que la table est volumineuse et qu'aucun index n'existe encore sur la colonne `start_year`. Le planificateur estime qu‚Äôun scan parall√®le est plus rapide qu‚Äôun index scan ou un scan s√©quentiel simple.

2. **La parall√©lisation est-elle justifi√©e ici ? Pourquoi ?**
   Oui, car le volume de donn√©es est tr√®s important. La requ√™te retourne un nombre √©lev√© de r√©sultats, ce qui rend la parall√©lisation b√©n√©fique.

3. **Que repr√©sente la valeur `Rows Removed by Filter` ?**
   Elle indique le nombre de lignes analys√©es mais exclues car leur champ `start_year` est diff√©rent de 2020.


## 1.3 Cr√©ation d‚Äôun index

**Requ√™te :**

```sql
CREATE INDEX idx_start_year ON public.title_basics(start_year);
```

**R√©sultat :**

L‚Äôindex a √©t√© cr√©√© avec succ√®s :

> `Query returned successfully in 3 secs 848 msec.`

 

## 1.4 Analyse apr√®s indexation

**Requ√™te ex√©cut√©e √† nouveau :**

```sql
EXPLAIN ANALYZE
SELECT *
FROM public.title_basics
WHERE start_year = 2020;
```

**Nouveau r√©sultat :**

```text
Gather  (cost=5991.51..274674.75 rows=447881 width=84) (actual time=36.971..1235.508 rows=440009 loops=1)
  Workers Planned: 2
  Workers Launched: 2
  ->  Parallel Bitmap Heap Scan on title_basics  
        (cost=4991.51..228886.65 rows=186617 width=84) 
        (actual time=24.188..1197.578 rows=146670 loops=3)
        Recheck Cond: (start_year = 2020)
        Rows Removed by Index Recheck: 671753
        Heap Blocks: exact=11863 lossy=10606
        ->  Bitmap Index Scan on idx_start_year  
              (cost=0.00..4879.54 rows=447881 width=0) 
              (actual time=29.901..29.902 rows=440009 loops=1)
Execution Time: 1252.055 ms
```

**Observation :**
L‚Äôutilisation de l‚Äôindex n‚Äôa pas significativement am√©lior√© le temps d‚Äôex√©cution : il est m√™me l√©g√®rement plus lent. Cela peut s‚Äôexpliquer par le grand nombre de r√©sultats retourn√©s, qui ne rend pas l‚Äôindexation tr√®s avantageuse ici.

 

## 1.5 Impact du nombre de colonnes

**Requ√™te modifi√©e :**

```sql
EXPLAIN ANALYZE
SELECT tconst, primary_title, start_year
FROM public.title_basics
WHERE start_year = 2020;
```

**R√©sultat :**

```text
Execution Time: 812.152 ms
```

**Comparaison :**

1. **Le temps d‚Äôex√©cution a-t-il chang√© ? Pourquoi ?**
   Oui, il a diminu√©. En ne s√©lectionnant que trois colonnes, le syst√®me doit lire et transf√©rer moins de donn√©es, ce qui r√©duit le co√ªt I/O et la charge m√©moire.

2. **Le plan d‚Äôex√©cution est-il diff√©rent ?**
   Non, la strat√©gie de scan reste la m√™me (`Parallel Bitmap Heap Scan`), mais le `width` (poids estim√© des lignes) diminue, ce qui contribue √† l'am√©lioration.

3. **Pourquoi la s√©lection de moins de colonnes peut-elle am√©liorer les performances ?**
   Moins de colonnes signifie moins de donn√©es √† charger depuis le disque et √† envoyer au client, ce qui r√©duit le temps de traitement global.

 

## 1.6 Analyse de l‚Äôimpact global

**Comparaison avec l‚Äô√©tape 1.1 :**

1. **Nouvelle strat√©gie utilis√©e par PostgreSQL :**
   `Parallel Bitmap Heap Scan` + `Bitmap Index Scan`, au lieu de `Parallel Seq Scan`.

2. **Am√©lioration du temps d‚Äôex√©cution :**
   Le temps est pass√© de **1066 ms** (√©tape 1.1) √† **812 ms** (√©tape 1.5) soit un **gain d‚Äôenviron 25 %**.

3. **D√©finition :**

   * `Bitmap Index Scan` : lit toutes les entr√©es d‚Äôindex qui satisfont la condition (ici `start_year = 2020`) et construit une **bitmap** (carte binaire).
   * `Bitmap Heap Scan` : utilise cette bitmap pour acc√©der efficacement aux lignes dans le fichier de donn√©es.

4. **Pourquoi l‚Äôam√©lioration n‚Äôest-elle pas plus importante ?**
   Car la requ√™te retourne toujours un nombre tr√®s √©lev√© de lignes. M√™me avec un index, PostgreSQL doit acc√©der √† un grand volume de donn√©es, ce qui limite les gains potentiels.

